{"/Users/tusvel/WebstormProjects/metmail_frontend/config/jest/jestEmptyComponent.tsx": {"path":"/Users/tusvel/WebstormProjects/metmail_frontend/config/jest/jestEmptyComponent.tsx","statementMap":{"0":{"start":{"line":1,"column":27},"end":{"line":1,"column":39}},"1":{"start":{"line":1,"column":33},"end":{"line":1,"column":39}}},"fnMap":{"0":{"name":"(anonymous_0)","decl":{"start":{"line":1,"column":27},"end":{"line":1,"column":28}},"loc":{"start":{"line":1,"column":33},"end":{"line":1,"column":39}},"line":1}},"branchMap":{},"s":{"0":1,"1":3},"f":{"0":3},"b":{},"_coverageSchema":"1a1c01bbd47fc00a2c39e90264f33305004495a9","hash":"ffe02867a9cea061d3a7e5e8f8524e1c020fa96b"}
,"/Users/tusvel/WebstormProjects/metmail_frontend/src/app/providers/ThemeProvider/index.ts": {"path":"/Users/tusvel/WebstormProjects/metmail_frontend/src/app/providers/ThemeProvider/index.ts","statementMap":{},"fnMap":{},"branchMap":{},"s":{},"f":{},"b":{},"_coverageSchema":"1a1c01bbd47fc00a2c39e90264f33305004495a9","hash":"e3fdb0a2af1114fef5e7f02435b0e41550b5c69b"}
,"/Users/tusvel/WebstormProjects/metmail_frontend/src/app/providers/ThemeProvider/lib/themeContext.ts": {"path":"/Users/tusvel/WebstormProjects/metmail_frontend/src/app/providers/ThemeProvider/lib/themeContext.ts","statementMap":{"0":{"start":{"line":13,"column":28},"end":{"line":13,"column":64}},"1":{"start":{"line":15,"column":39},"end":{"line":15,"column":46}}},"fnMap":{},"branchMap":{},"s":{"0":1,"1":1},"f":{},"b":{},"_coverageSchema":"1a1c01bbd47fc00a2c39e90264f33305004495a9","hash":"a9224c52d8683fd062cae25b65812de96cea9993"}
,"/Users/tusvel/WebstormProjects/metmail_frontend/src/app/providers/ThemeProvider/lib/useTheme.ts": {"path":"/Users/tusvel/WebstormProjects/metmail_frontend/src/app/providers/ThemeProvider/lib/useTheme.ts","statementMap":{"0":{"start":{"line":4,"column":24},"end":{"line":17,"column":1}},"1":{"start":{"line":5,"column":28},"end":{"line":5,"column":52}},"2":{"start":{"line":7,"column":22},"end":{"line":11,"column":3}},"3":{"start":{"line":8,"column":21},"end":{"line":8,"column":68}},"4":{"start":{"line":9,"column":4},"end":{"line":9,"column":23}},"5":{"start":{"line":10,"column":4},"end":{"line":10,"column":60}},"6":{"start":{"line":13,"column":2},"end":{"line":16,"column":4}}},"fnMap":{"0":{"name":"(anonymous_0)","decl":{"start":{"line":4,"column":24},"end":{"line":4,"column":25}},"loc":{"start":{"line":4,"column":30},"end":{"line":17,"column":1}},"line":4},"1":{"name":"(anonymous_1)","decl":{"start":{"line":7,"column":22},"end":{"line":7,"column":23}},"loc":{"start":{"line":7,"column":28},"end":{"line":11,"column":3}},"line":7}},"branchMap":{"0":{"loc":{"start":{"line":8,"column":21},"end":{"line":8,"column":68}},"type":"cond-expr","locations":[{"start":{"line":8,"column":44},"end":{"line":8,"column":55}},{"start":{"line":8,"column":58},"end":{"line":8,"column":68}}],"line":8}},"s":{"0":1,"1":3,"2":3,"3":0,"4":0,"5":0,"6":3},"f":{"0":3,"1":0},"b":{"0":[0,0]},"_coverageSchema":"1a1c01bbd47fc00a2c39e90264f33305004495a9","hash":"c3ea3452d0884a4e79281d827d80e4d35eeb2bbe"}
,"/Users/tusvel/WebstormProjects/metmail_frontend/src/app/providers/ThemeProvider/ui/themeProvider.tsx": {"path":"/Users/tusvel/WebstormProjects/metmail_frontend/src/app/providers/ThemeProvider/ui/themeProvider.tsx","statementMap":{"0":{"start":{"line":4,"column":21},"end":{"line":4,"column":90}},"1":{"start":{"line":6,"column":52},"end":{"line":19,"column":1}},"2":{"start":{"line":7,"column":28},"end":{"line":7,"column":50}},"3":{"start":{"line":9,"column":42},"end":{"line":12,"column":14}},"4":{"start":{"line":9,"column":57},"end":{"line":12,"column":3}},"5":{"start":{"line":14,"column":2},"end":{"line":18,"column":4}}},"fnMap":{"0":{"name":"(anonymous_0)","decl":{"start":{"line":6,"column":52},"end":{"line":6,"column":53}},"loc":{"start":{"line":6,"column":68},"end":{"line":19,"column":1}},"line":6},"1":{"name":"(anonymous_1)","decl":{"start":{"line":9,"column":50},"end":{"line":9,"column":51}},"loc":{"start":{"line":9,"column":57},"end":{"line":12,"column":3}},"line":9}},"branchMap":{"0":{"loc":{"start":{"line":4,"column":21},"end":{"line":4,"column":90}},"type":"binary-expr","locations":[{"start":{"line":4,"column":21},"end":{"line":4,"column":75}},{"start":{"line":4,"column":79},"end":{"line":4,"column":90}}],"line":4}},"s":{"0":1,"1":1,"2":0,"3":0,"4":0,"5":0},"f":{"0":0,"1":0},"b":{"0":[1,1]},"_coverageSchema":"1a1c01bbd47fc00a2c39e90264f33305004495a9","hash":"705ecf2c506e36eb72bdeed236f9c5699f2af38c"}
,"/Users/tusvel/WebstormProjects/metmail_frontend/src/shared/config/i18n/i18nForTest.ts": {"path":"/Users/tusvel/WebstormProjects/metmail_frontend/src/shared/config/i18n/i18nForTest.ts","statementMap":{"0":{"start":{"line":4,"column":0},"end":{"line":14,"column":4}},"1":{"start":{"line":12,"column":10},"end":{"line":12,"column":19}},"2":{"start":{"line":13,"column":10},"end":{"line":13,"column":19}}},"fnMap":{"0":{"name":"(anonymous_0)","decl":{"start":{"line":12,"column":4},"end":{"line":12,"column":5}},"loc":{"start":{"line":12,"column":10},"end":{"line":12,"column":19}},"line":12},"1":{"name":"(anonymous_1)","decl":{"start":{"line":13,"column":4},"end":{"line":13,"column":5}},"loc":{"start":{"line":13,"column":10},"end":{"line":13,"column":19}},"line":13}},"branchMap":{},"s":{"0":2,"1":2,"2":0},"f":{"0":2,"1":0},"b":{},"_coverageSchema":"1a1c01bbd47fc00a2c39e90264f33305004495a9","hash":"7e748e2e9e1c2231c722620cea123c081da70529"}
,"/Users/tusvel/WebstormProjects/metmail_frontend/src/shared/lib/classNames/classNames.ts": {"path":"/Users/tusvel/WebstormProjects/metmail_frontend/src/shared/lib/classNames/classNames.ts","statementMap":{"0":{"start":{"line":4,"column":2},"end":{"line":10,"column":14}},"1":{"start":{"line":8,"column":30},"end":{"line":8,"column":44}},"2":{"start":{"line":9,"column":28},"end":{"line":9,"column":37}}},"fnMap":{"0":{"name":"classNames","decl":{"start":{"line":3,"column":16},"end":{"line":3,"column":26}},"loc":{"start":{"line":3,"column":84},"end":{"line":11,"column":1}},"line":3},"1":{"name":"(anonymous_1)","decl":{"start":{"line":8,"column":14},"end":{"line":8,"column":15}},"loc":{"start":{"line":8,"column":30},"end":{"line":8,"column":44}},"line":8},"2":{"name":"(anonymous_2)","decl":{"start":{"line":9,"column":11},"end":{"line":9,"column":12}},"loc":{"start":{"line":9,"column":28},"end":{"line":9,"column":37}},"line":9}},"branchMap":{"0":{"loc":{"start":{"line":3,"column":40},"end":{"line":3,"column":55}},"type":"default-arg","locations":[{"start":{"line":3,"column":53},"end":{"line":3,"column":55}}],"line":3},"1":{"loc":{"start":{"line":3,"column":57},"end":{"line":3,"column":82}},"type":"default-arg","locations":[{"start":{"line":3,"column":80},"end":{"line":3,"column":82}}],"line":3}},"s":{"0":22,"1":9,"2":5},"f":{"0":22,"1":9,"2":5},"b":{"0":[1],"1":[1]},"_coverageSchema":"1a1c01bbd47fc00a2c39e90264f33305004495a9","hash":"81a4b336b4e0fcfc03e8bee3ff21435cf111d6e0"}
,"/Users/tusvel/WebstormProjects/metmail_frontend/src/shared/lib/tests/renderWithTranslation/renderWithTranslation.tsx": {"path":"/Users/tusvel/WebstormProjects/metmail_frontend/src/shared/lib/tests/renderWithTranslation/renderWithTranslation.tsx","statementMap":{"0":{"start":{"line":6,"column":37},"end":{"line":10,"column":1}},"1":{"start":{"line":6,"column":63},"end":{"line":10,"column":1}}},"fnMap":{"0":{"name":"(anonymous_0)","decl":{"start":{"line":6,"column":37},"end":{"line":6,"column":38}},"loc":{"start":{"line":6,"column":63},"end":{"line":10,"column":1}},"line":6}},"branchMap":{},"s":{"0":2,"1":2},"f":{"0":2},"b":{},"_coverageSchema":"1a1c01bbd47fc00a2c39e90264f33305004495a9","hash":"1b590063e21234252bc41c791001d64b61cb7d71"}
,"/Users/tusvel/WebstormProjects/metmail_frontend/src/shared/ui/Button/Button.tsx": {"path":"/Users/tusvel/WebstormProjects/metmail_frontend/src/shared/ui/Button/Button.tsx","statementMap":{"0":{"start":{"line":15,"column":59},"end":{"line":32,"column":1}},"1":{"start":{"line":21,"column":6},"end":{"line":21,"column":11}},"2":{"start":{"line":23,"column":2},"end":{"line":31,"column":4}}},"fnMap":{"0":{"name":"(anonymous_0)","decl":{"start":{"line":15,"column":59},"end":{"line":15,"column":60}},"loc":{"start":{"line":15,"column":68},"end":{"line":32,"column":1}},"line":15}},"branchMap":{"0":{"loc":{"start":{"line":17,"column":4},"end":{"line":17,"column":31}},"type":"default-arg","locations":[{"start":{"line":17,"column":12},"end":{"line":17,"column":31}}],"line":17}},"s":{"0":2,"1":11,"2":11},"f":{"0":11},"b":{"0":[11]},"_coverageSchema":"1a1c01bbd47fc00a2c39e90264f33305004495a9","hash":"f57490fd24599e2e365ae5e778685754339d25e7"}
,"/Users/tusvel/WebstormProjects/metmail_frontend/src/widgets/LangSwitcher/index.ts": {"path":"/Users/tusvel/WebstormProjects/metmail_frontend/src/widgets/LangSwitcher/index.ts","statementMap":{},"fnMap":{},"branchMap":{},"s":{},"f":{},"b":{},"_coverageSchema":"1a1c01bbd47fc00a2c39e90264f33305004495a9","hash":"46ea71988244c5926ecb24fa1d5891446742eda0"}
,"/Users/tusvel/WebstormProjects/metmail_frontend/src/widgets/LangSwitcher/ui/LangSwitcher.tsx": {"path":"/Users/tusvel/WebstormProjects/metmail_frontend/src/widgets/LangSwitcher/ui/LangSwitcher.tsx","statementMap":{"0":{"start":{"line":10,"column":71},"end":{"line":34,"column":1}},"1":{"start":{"line":13,"column":6},"end":{"line":13,"column":11}},"2":{"start":{"line":14,"column":20},"end":{"line":14,"column":36}},"3":{"start":{"line":16,"column":25},"end":{"line":21,"column":3}},"4":{"start":{"line":17,"column":4},"end":{"line":20,"column":6}},"5":{"start":{"line":18,"column":12},"end":{"line":18,"column":21}},"6":{"start":{"line":19,"column":12},"end":{"line":19,"column":21}},"7":{"start":{"line":23,"column":2},"end":{"line":33,"column":4}}},"fnMap":{"0":{"name":"(anonymous_0)","decl":{"start":{"line":10,"column":71},"end":{"line":10,"column":72}},"loc":{"start":{"line":10,"column":80},"end":{"line":34,"column":1}},"line":10},"1":{"name":"(anonymous_1)","decl":{"start":{"line":16,"column":25},"end":{"line":16,"column":26}},"loc":{"start":{"line":16,"column":31},"end":{"line":21,"column":3}},"line":16},"2":{"name":"(anonymous_2)","decl":{"start":{"line":18,"column":6},"end":{"line":18,"column":7}},"loc":{"start":{"line":18,"column":12},"end":{"line":18,"column":21}},"line":18},"3":{"name":"(anonymous_3)","decl":{"start":{"line":19,"column":6},"end":{"line":19,"column":7}},"loc":{"start":{"line":19,"column":12},"end":{"line":19,"column":21}},"line":19}},"branchMap":{"0":{"loc":{"start":{"line":17,"column":24},"end":{"line":17,"column":60}},"type":"cond-expr","locations":[{"start":{"line":17,"column":49},"end":{"line":17,"column":53}},{"start":{"line":17,"column":56},"end":{"line":17,"column":60}}],"line":17}},"s":{"0":1,"1":3,"2":3,"3":3,"4":0,"5":0,"6":0,"7":3},"f":{"0":3,"1":0,"2":0,"3":0},"b":{"0":[0,0]},"_coverageSchema":"1a1c01bbd47fc00a2c39e90264f33305004495a9","hash":"134485bb3b1badc653b6b3074557230d31fa7ee1"}
,"/Users/tusvel/WebstormProjects/metmail_frontend/src/widgets/Sidebar/ui/Sidebar/Sidebar.tsx": {"path":"/Users/tusvel/WebstormProjects/metmail_frontend/src/widgets/Sidebar/ui/Sidebar/Sidebar.tsx","statementMap":{"0":{"start":{"line":13,"column":41},"end":{"line":41,"column":1}},"1":{"start":{"line":16,"column":6},"end":{"line":16,"column":11}},"2":{"start":{"line":17,"column":36},"end":{"line":17,"column":51}},"3":{"start":{"line":18,"column":20},"end":{"line":18,"column":36}},"4":{"start":{"line":20,"column":17},"end":{"line":22,"column":3}},"5":{"start":{"line":21,"column":4},"end":{"line":21,"column":32}},"6":{"start":{"line":21,"column":25},"end":{"line":21,"column":30}},"7":{"start":{"line":24,"column":2},"end":{"line":40,"column":4}}},"fnMap":{"0":{"name":"(anonymous_0)","decl":{"start":{"line":13,"column":41},"end":{"line":13,"column":42}},"loc":{"start":{"line":13,"column":50},"end":{"line":41,"column":1}},"line":13},"1":{"name":"(anonymous_1)","decl":{"start":{"line":20,"column":17},"end":{"line":20,"column":18}},"loc":{"start":{"line":20,"column":23},"end":{"line":22,"column":3}},"line":20},"2":{"name":"(anonymous_2)","decl":{"start":{"line":21,"column":17},"end":{"line":21,"column":18}},"loc":{"start":{"line":21,"column":25},"end":{"line":21,"column":30}},"line":21}},"branchMap":{},"s":{"0":1,"1":3,"2":3,"3":3,"4":3,"5":1,"6":1,"7":3},"f":{"0":3,"1":1,"2":1},"b":{},"_coverageSchema":"1a1c01bbd47fc00a2c39e90264f33305004495a9","hash":"d8edfd547ad6d82ff60bfa31885730b3529fcb10"}
,"/Users/tusvel/WebstormProjects/metmail_frontend/src/widgets/ThemeSwitcher/index.ts": {"path":"/Users/tusvel/WebstormProjects/metmail_frontend/src/widgets/ThemeSwitcher/index.ts","statementMap":{},"fnMap":{},"branchMap":{},"s":{},"f":{},"b":{},"_coverageSchema":"1a1c01bbd47fc00a2c39e90264f33305004495a9","hash":"40e5cf7e46457d201bf51ad610be46307d5a97d5"}
,"/Users/tusvel/WebstormProjects/metmail_frontend/src/widgets/ThemeSwitcher/ui/ThemeSwitcher.tsx": {"path":"/Users/tusvel/WebstormProjects/metmail_frontend/src/widgets/ThemeSwitcher/ui/ThemeSwitcher.tsx","statementMap":{"0":{"start":{"line":7,"column":33},"end":{"line":19,"column":1}},"1":{"start":{"line":8,"column":31},"end":{"line":8,"column":41}},"2":{"start":{"line":10,"column":2},"end":{"line":18,"column":4}}},"fnMap":{"0":{"name":"(anonymous_0)","decl":{"start":{"line":7,"column":33},"end":{"line":7,"column":34}},"loc":{"start":{"line":7,"column":39},"end":{"line":19,"column":1}},"line":7}},"branchMap":{"0":{"loc":{"start":{"line":15,"column":9},"end":{"line":15,"column":61}},"type":"cond-expr","locations":[{"start":{"line":15,"column":33},"end":{"line":15,"column":45}},{"start":{"line":15,"column":48},"end":{"line":15,"column":61}}],"line":15}},"s":{"0":1,"1":3,"2":3},"f":{"0":3},"b":{"0":[0,3]},"_coverageSchema":"1a1c01bbd47fc00a2c39e90264f33305004495a9","hash":"5dec025373988ccaf449f56d448375dde1c5005d"}
}
