TN:
SF:config/jest/jestEmptyComponent.tsx
FN:1,(anonymous_0)
FNF:1
FNH:1
FNDA:3,(anonymous_0)
DA:1,3
LF:1
LH:1
BRF:0
BRH:0
end_of_record
TN:
SF:src/app/providers/ThemeProvider/index.ts
FNF:0
FNH:0
LF:0
LH:0
BRF:0
BRH:0
end_of_record
TN:
SF:src/app/providers/ThemeProvider/lib/themeContext.ts
FNF:0
FNH:0
DA:13,1
DA:15,1
LF:2
LH:2
BRF:0
BRH:0
end_of_record
TN:
SF:src/app/providers/ThemeProvider/lib/useTheme.ts
FN:4,(anonymous_0)
FN:7,(anonymous_1)
FNF:2
FNH:1
FNDA:3,(anonymous_0)
FNDA:0,(anonymous_1)
DA:4,1
DA:5,3
DA:7,3
DA:8,0
DA:9,0
DA:10,0
DA:13,3
LF:7
LH:4
BRDA:8,0,0,0
BRDA:8,0,1,0
BRF:2
BRH:0
end_of_record
TN:
SF:src/app/providers/ThemeProvider/ui/themeProvider.tsx
FN:6,(anonymous_0)
FN:9,(anonymous_1)
FNF:2
FNH:0
FNDA:0,(anonymous_0)
FNDA:0,(anonymous_1)
DA:4,1
DA:6,1
DA:7,0
DA:9,0
DA:14,0
LF:5
LH:2
BRDA:4,0,0,1
BRDA:4,0,1,1
BRF:2
BRH:2
end_of_record
TN:
SF:src/shared/config/i18n/i18nForTest.ts
FN:12,(anonymous_0)
FN:13,(anonymous_1)
FNF:2
FNH:1
FNDA:2,(anonymous_0)
FNDA:0,(anonymous_1)
DA:4,2
DA:12,2
DA:13,0
LF:3
LH:2
BRF:0
BRH:0
end_of_record
TN:
SF:src/shared/lib/classNames/classNames.ts
FN:3,classNames
FN:8,(anonymous_1)
FN:9,(anonymous_2)
FNF:3
FNH:3
FNDA:22,classNames
FNDA:9,(anonymous_1)
FNDA:5,(anonymous_2)
DA:4,22
DA:8,9
DA:9,5
LF:3
LH:3
BRDA:3,0,0,1
BRDA:3,1,0,1
BRF:2
BRH:2
end_of_record
TN:
SF:src/shared/lib/tests/renderWithTranslation/renderWithTranslation.tsx
FN:6,(anonymous_0)
FNF:1
FNH:1
FNDA:2,(anonymous_0)
DA:6,2
LF:1
LH:1
BRF:0
BRH:0
end_of_record
TN:
SF:src/shared/ui/Button/Button.tsx
FN:15,(anonymous_0)
FNF:1
FNH:1
FNDA:11,(anonymous_0)
DA:15,2
DA:21,11
DA:23,11
LF:3
LH:3
BRDA:17,0,0,11
BRF:1
BRH:1
end_of_record
TN:
SF:src/widgets/LangSwitcher/index.ts
FNF:0
FNH:0
LF:0
LH:0
BRF:0
BRH:0
end_of_record
TN:
SF:src/widgets/LangSwitcher/ui/LangSwitcher.tsx
FN:10,(anonymous_0)
FN:16,(anonymous_1)
FN:18,(anonymous_2)
FN:19,(anonymous_3)
FNF:4
FNH:1
FNDA:3,(anonymous_0)
FNDA:0,(anonymous_1)
FNDA:0,(anonymous_2)
FNDA:0,(anonymous_3)
DA:10,1
DA:13,3
DA:14,3
DA:16,3
DA:17,0
DA:18,0
DA:19,0
DA:23,3
LF:8
LH:5
BRDA:17,0,0,0
BRDA:17,0,1,0
BRF:2
BRH:0
end_of_record
TN:
SF:src/widgets/Sidebar/ui/Sidebar/Sidebar.tsx
FN:13,(anonymous_0)
FN:20,(anonymous_1)
FN:21,(anonymous_2)
FNF:3
FNH:3
FNDA:3,(anonymous_0)
FNDA:1,(anonymous_1)
FNDA:1,(anonymous_2)
DA:13,1
DA:16,3
DA:17,3
DA:18,3
DA:20,3
DA:21,1
DA:24,3
LF:7
LH:7
BRF:0
BRH:0
end_of_record
TN:
SF:src/widgets/ThemeSwitcher/index.ts
FNF:0
FNH:0
LF:0
LH:0
BRF:0
BRH:0
end_of_record
TN:
SF:src/widgets/ThemeSwitcher/ui/ThemeSwitcher.tsx
FN:7,(anonymous_0)
FNF:1
FNH:1
FNDA:3,(anonymous_0)
DA:7,1
DA:8,3
DA:10,3
LF:3
LH:3
BRDA:15,0,0,0
BRDA:15,0,1,3
BRF:2
BRH:1
end_of_record
